mode: set
ca-myproperty/controllers/wishlist.go:11.47,17.2 3 1
ca-myproperty/controllers/wishlist.go:19.43,21.45 2 1
ca-myproperty/controllers/wishlist.go:27.2,31.4 2 0
ca-myproperty/controllers/wishlist.go:21.45,26.3 1 1
ca-myproperty/controllers/chats.go:11.43,17.2 3 1
ca-myproperty/controllers/chats.go:19.39,21.41 2 1
ca-myproperty/controllers/chats.go:27.2,31.4 2 0
ca-myproperty/controllers/chats.go:21.41,26.3 1 1
ca-myproperty/controllers/developer.go:11.44,13.46 2 1
ca-myproperty/controllers/developer.go:19.2,23.4 2 0
ca-myproperty/controllers/developer.go:13.46,18.3 1 1
ca-myproperty/controllers/developer.go:26.44,30.43 3 1
ca-myproperty/controllers/developer.go:36.2,40.4 2 0
ca-myproperty/controllers/developer.go:30.43,35.3 1 1
ca-myproperty/controllers/developer.go:42.45,49.2 3 1
ca-myproperty/controllers/properties.go:11.45,14.2 2 1
ca-myproperty/controllers/properties.go:16.43,18.45 2 1
ca-myproperty/controllers/properties.go:24.2,28.4 2 0
ca-myproperty/controllers/properties.go:18.45,23.3 1 1
ca-myproperty/controllers/properties.go:31.43,35.42 3 1
ca-myproperty/controllers/properties.go:41.2,45.4 2 0
ca-myproperty/controllers/properties.go:35.42,40.3 1 1
ca-myproperty/controllers/properties.go:47.44,54.2 3 1
ca-myproperty/controllers/properties.go:56.47,62.2 3 1
ca-myproperty/controllers/propertyTypes.go:11.48,14.2 2 1
ca-myproperty/controllers/propertyTypes.go:16.47,18.49 2 1
ca-myproperty/controllers/propertyTypes.go:24.2,28.4 2 0
ca-myproperty/controllers/propertyTypes.go:18.49,23.3 1 1
ca-myproperty/controllers/propertyTypes.go:31.47,35.46 3 1
ca-myproperty/controllers/propertyTypes.go:41.2,45.4 2 0
ca-myproperty/controllers/propertyTypes.go:35.46,40.3 1 1
ca-myproperty/controllers/transactions.go:11.47,14.2 2 1
ca-myproperty/controllers/transactions.go:16.46,18.48 2 1
ca-myproperty/controllers/transactions.go:24.2,28.4 2 0
ca-myproperty/controllers/transactions.go:18.48,23.3 1 1
ca-myproperty/controllers/transactions.go:31.46,35.45 3 1
ca-myproperty/controllers/transactions.go:41.2,45.4 2 0
ca-myproperty/controllers/transactions.go:35.45,40.3 1 1
ca-myproperty/controllers/transactions.go:47.47,54.2 3 0
ca-myproperty/controllers/transactions.go:56.50,62.2 3 1
ca-myproperty/controllers/users.go:12.40,15.2 2 1
ca-myproperty/controllers/users.go:17.39,19.41 2 1
ca-myproperty/controllers/users.go:25.2,29.4 2 0
ca-myproperty/controllers/users.go:19.41,24.3 1 1
ca-myproperty/controllers/users.go:32.39,36.38 3 1
ca-myproperty/controllers/users.go:42.2,46.4 2 0
ca-myproperty/controllers/users.go:36.38,41.3 1 1
ca-myproperty/controllers/users.go:48.40,55.2 3 1
ca-myproperty/controllers/users.go:57.38,59.38 2 0
ca-myproperty/controllers/users.go:63.2,65.14 2 0
ca-myproperty/controllers/users.go:69.2,73.16 5 0
ca-myproperty/controllers/users.go:77.2,80.4 1 0
ca-myproperty/controllers/users.go:59.38,61.3 1 0
ca-myproperty/controllers/users.go:65.14,67.3 1 0
ca-myproperty/controllers/users.go:73.16,75.3 1 0
